[23.04.2023 15:39:31,888] [main] INFO  org.jgap.gp.impl.GPGenotype  - Creating initial population
[23.04.2023 15:39:31,893] [main] INFO  org.jgap.gp.impl.GPGenotype  - Mem free: 10.0 MB
[23.04.2023 15:39:31,902] [main] INFO  org.jgap.gp.impl.GPPopulation  - Prototype program set
[23.04.2023 15:39:32,145] [main] INFO  org.jgap.gp.impl.GPGenotype  - Mem free after creating population: 14.0 MB
[23.04.2023 15:39:32,148] [main] INFO  org.jgap.gp.impl.GPGenotype  - Your configuration does not contain unused commands, this is good
[23.04.2023 15:40:48,398] [main] INFO  org.jgap.gp.impl.GPGenotype  - Creating initial population
[23.04.2023 15:40:48,403] [main] INFO  org.jgap.gp.impl.GPGenotype  - Mem free: 10.0 MB
[23.04.2023 15:40:48,414] [main] INFO  org.jgap.gp.impl.GPPopulation  - Prototype program set
[23.04.2023 15:40:48,670] [main] INFO  org.jgap.gp.impl.GPGenotype  - Mem free after creating population: 10.0 MB
[23.04.2023 15:40:48,673] [main] INFO  org.jgap.gp.impl.GPGenotype  - Your configuration does not contain unused commands, this is good
[23.04.2023 15:40:59,665] [main] INFO  org.jgap.gp.impl.GPGenotype  - Creating initial population
[23.04.2023 15:40:59,669] [main] INFO  org.jgap.gp.impl.GPGenotype  - Mem free: 10.0 MB
[23.04.2023 15:40:59,681] [main] INFO  org.jgap.gp.impl.GPPopulation  - Prototype program set
[23.04.2023 15:40:59,940] [main] INFO  org.jgap.gp.impl.GPGenotype  - Mem free after creating population: 10.0 MB
[23.04.2023 15:40:59,942] [main] INFO  org.jgap.gp.impl.GPGenotype  - Your configuration does not contain unused commands, this is good
[23.04.2023 15:42:21,945] [main] INFO  org.jgap.gp.impl.GPGenotype  - Creating initial population
[23.04.2023 15:42:21,950] [main] INFO  org.jgap.gp.impl.GPGenotype  - Mem free: 10.0 MB
[23.04.2023 15:42:21,960] [main] INFO  org.jgap.gp.impl.GPPopulation  - Prototype program set
[23.04.2023 15:42:22,223] [main] INFO  org.jgap.gp.impl.GPGenotype  - Mem free after creating population: 10.0 MB
[23.04.2023 15:42:22,225] [main] INFO  org.jgap.gp.impl.GPGenotype  - Your configuration does not contain unused commands, this is good
[23.04.2023 15:52:43,870] [main] INFO  org.jgap.gp.impl.GPGenotype  - Creating initial population
[23.04.2023 15:52:43,878] [main] INFO  org.jgap.gp.impl.GPGenotype  - Mem free: 10.0 MB
[23.04.2023 15:52:43,897] [main] INFO  org.jgap.gp.impl.GPPopulation  - Prototype program set
[23.04.2023 15:52:44,143] [main] INFO  org.jgap.gp.impl.GPGenotype  - Mem free after creating population: 10.0 MB
[23.04.2023 15:52:44,144] [main] INFO  org.jgap.gp.impl.GPGenotype  - Your configuration does not contain unused commands, this is good
[23.04.2023 15:53:43,044] [main] INFO  org.jgap.gp.impl.GPGenotype  - Creating initial population
[23.04.2023 15:53:43,048] [main] INFO  org.jgap.gp.impl.GPGenotype  - Mem free: 10.0 MB
[23.04.2023 15:53:43,058] [main] INFO  org.jgap.gp.impl.GPPopulation  - Prototype program set
[23.04.2023 15:53:43,119] [main] INFO  org.jgap.gp.impl.GPGenotype  - Mem free after creating population: 10.0 MB
[23.04.2023 15:53:43,123] [main] INFO  org.jgap.gp.impl.GPGenotype  - Your configuration does not contain unused commands, this is good
[23.04.2023 15:54:06,988] [main] INFO  org.jgap.gp.impl.GPGenotype  - Creating initial population
[23.04.2023 15:54:06,993] [main] INFO  org.jgap.gp.impl.GPGenotype  - Mem free: 10.0 MB
[23.04.2023 15:54:07,005] [main] INFO  org.jgap.gp.impl.GPPopulation  - Prototype program set
[23.04.2023 15:54:07,075] [main] INFO  org.jgap.gp.impl.GPGenotype  - Mem free after creating population: 10.0 MB
[23.04.2023 15:54:07,077] [main] INFO  org.jgap.gp.impl.GPGenotype  - Your configuration does not contain unused commands, this is good
[23.04.2023 15:54:16,401] [main] INFO  org.jgap.gp.impl.GPGenotype  - Creating initial population
[23.04.2023 15:54:16,408] [main] INFO  org.jgap.gp.impl.GPGenotype  - Mem free: 10.0 MB
[23.04.2023 15:54:16,417] [main] INFO  org.jgap.gp.impl.GPPopulation  - Prototype program set
[23.04.2023 15:54:16,490] [main] INFO  org.jgap.gp.impl.GPGenotype  - Mem free after creating population: 10.0 MB
[23.04.2023 15:54:16,493] [main] INFO  org.jgap.gp.impl.GPGenotype  - Your configuration does not contain unused commands, this is good
[24.04.2023 18:32:19,173] [main] INFO  org.jgap.gp.impl.GPGenotype  - Creating initial population
[24.04.2023 18:32:19,186] [main] INFO  org.jgap.gp.impl.GPGenotype  - Mem free: 10.0 MB
[24.04.2023 18:32:19,197] [main] INFO  org.jgap.gp.impl.GPPopulation  - Prototype program set
[24.04.2023 18:32:19,305] [main] INFO  org.jgap.gp.impl.GPGenotype  - Mem free after creating population: 14.0 MB
[24.04.2023 18:33:18,444] [main] INFO  org.jgap.gp.impl.GPGenotype  - Creating initial population
[24.04.2023 18:33:18,457] [main] INFO  org.jgap.gp.impl.GPGenotype  - Mem free: 10.0 MB
[24.04.2023 18:33:18,467] [main] INFO  org.jgap.gp.impl.GPPopulation  - Prototype program set
[24.04.2023 18:33:18,570] [main] INFO  org.jgap.gp.impl.GPGenotype  - Mem free after creating population: 14.0 MB
[24.04.2023 18:54:19,727] [main] INFO  org.jgap.gp.impl.GPGenotype  - Creating initial population
[24.04.2023 18:54:19,739] [main] INFO  org.jgap.gp.impl.GPGenotype  - Mem free: 10.0 MB
[24.04.2023 18:54:19,749] [main] INFO  org.jgap.gp.impl.GPPopulation  - Prototype program set
[24.04.2023 18:54:19,862] [main] INFO  org.jgap.gp.impl.GPGenotype  - Mem free after creating population: 14.0 MB
[24.04.2023 18:56:10,935] [main] INFO  org.jgap.gp.impl.GPGenotype  - Creating initial population
[24.04.2023 18:56:10,946] [main] INFO  org.jgap.gp.impl.GPGenotype  - Mem free: 14.0 MB
[24.04.2023 18:56:10,955] [main] INFO  org.jgap.gp.impl.GPPopulation  - Prototype program set
[24.04.2023 18:56:11,060] [main] INFO  org.jgap.gp.impl.GPGenotype  - Mem free after creating population: 14.0 MB
[24.04.2023 18:56:11,069] [main] INFO  org.jgap.gp.impl.GPGenotype  - Your configuration does not contain unused commands, this is good
[24.04.2023 18:57:08,879] [main] INFO  org.jgap.gp.impl.GPGenotype  - Creating initial population
[24.04.2023 18:57:08,890] [main] INFO  org.jgap.gp.impl.GPGenotype  - Mem free: 14.0 MB
[24.04.2023 18:57:08,900] [main] INFO  org.jgap.gp.impl.GPPopulation  - Prototype program set
[24.04.2023 18:57:09,005] [main] INFO  org.jgap.gp.impl.GPGenotype  - Mem free after creating population: 14.0 MB
[24.04.2023 18:57:09,014] [main] INFO  org.jgap.gp.impl.GPGenotype  - Your configuration does not contain unused commands, this is good
[24.04.2023 18:58:46,711] [main] INFO  org.jgap.gp.impl.GPGenotype  - Creating initial population
[24.04.2023 18:58:46,722] [main] INFO  org.jgap.gp.impl.GPGenotype  - Mem free: 14.0 MB
[24.04.2023 18:58:46,731] [main] INFO  org.jgap.gp.impl.GPPopulation  - Prototype program set
[24.04.2023 18:58:46,837] [main] INFO  org.jgap.gp.impl.GPGenotype  - Mem free after creating population: 14.0 MB
[24.04.2023 18:58:46,846] [main] INFO  org.jgap.gp.impl.GPGenotype  - Your configuration does not contain unused commands, this is good
[24.04.2023 18:59:19,035] [main] INFO  org.jgap.gp.impl.GPGenotype  - Creating initial population
[24.04.2023 18:59:19,045] [main] INFO  org.jgap.gp.impl.GPGenotype  - Mem free: 14.0 MB
[24.04.2023 18:59:19,052] [main] INFO  org.jgap.gp.impl.GPPopulation  - Prototype program set
[24.04.2023 18:59:19,162] [main] INFO  org.jgap.gp.impl.GPGenotype  - Mem free after creating population: 17.0 MB
[24.04.2023 18:59:19,172] [main] INFO  org.jgap.gp.impl.GPGenotype  - Your configuration does not contain unused commands, this is good
[24.04.2023 19:00:12,315] [main] INFO  org.jgap.gp.impl.GPGenotype  - Creating initial population
[24.04.2023 19:00:12,327] [main] INFO  org.jgap.gp.impl.GPGenotype  - Mem free: 14.0 MB
[24.04.2023 19:00:12,336] [main] INFO  org.jgap.gp.impl.GPPopulation  - Prototype program set
[24.04.2023 19:00:12,458] [main] INFO  org.jgap.gp.impl.GPGenotype  - Mem free after creating population: 14.0 MB
[24.04.2023 19:00:12,469] [main] INFO  org.jgap.gp.impl.GPGenotype  - Your configuration does not contain unused commands, this is good
[24.04.2023 19:00:32,494] [main] INFO  org.jgap.gp.impl.GPGenotype  - Creating initial population
[24.04.2023 19:00:32,505] [main] INFO  org.jgap.gp.impl.GPGenotype  - Mem free: 14.0 MB
[24.04.2023 19:00:32,514] [main] INFO  org.jgap.gp.impl.GPPopulation  - Prototype program set
[24.04.2023 19:00:32,621] [main] INFO  org.jgap.gp.impl.GPGenotype  - Mem free after creating population: 17.0 MB
[24.04.2023 19:00:32,631] [main] INFO  org.jgap.gp.impl.GPGenotype  - Your configuration does not contain unused commands, this is good
[24.04.2023 19:02:18,067] [main] INFO  org.jgap.gp.impl.GPGenotype  - Creating initial population
[24.04.2023 19:02:18,078] [main] INFO  org.jgap.gp.impl.GPGenotype  - Mem free: 14.0 MB
[24.04.2023 19:02:18,085] [main] INFO  org.jgap.gp.impl.GPPopulation  - Prototype program set
[24.04.2023 19:02:18,191] [main] INFO  org.jgap.gp.impl.GPGenotype  - Mem free after creating population: 14.0 MB
[24.04.2023 19:02:18,200] [main] INFO  org.jgap.gp.impl.GPGenotype  - Your configuration does not contain unused commands, this is good
[24.04.2023 19:03:09,770] [main] INFO  org.jgap.gp.impl.GPGenotype  - Creating initial population
[24.04.2023 19:03:09,781] [main] INFO  org.jgap.gp.impl.GPGenotype  - Mem free: 14.0 MB
[24.04.2023 19:03:09,790] [main] INFO  org.jgap.gp.impl.GPPopulation  - Prototype program set
[24.04.2023 19:03:09,896] [main] INFO  org.jgap.gp.impl.GPGenotype  - Mem free after creating population: 14.0 MB
[24.04.2023 19:03:09,904] [main] INFO  org.jgap.gp.impl.GPGenotype  - Your configuration does not contain unused commands, this is good
[24.04.2023 19:13:51,825] [main] INFO  org.jgap.gp.impl.GPGenotype  - Creating initial population
[24.04.2023 19:13:51,836] [main] INFO  org.jgap.gp.impl.GPGenotype  - Mem free: 14.0 MB
[24.04.2023 19:13:51,843] [main] INFO  org.jgap.gp.impl.GPPopulation  - Prototype program set
[24.04.2023 19:13:51,954] [main] INFO  org.jgap.gp.impl.GPGenotype  - Mem free after creating population: 14.0 MB
[24.04.2023 19:13:51,964] [main] INFO  org.jgap.gp.impl.GPGenotype  - Your configuration does not contain unused commands, this is good
[24.04.2023 19:18:12,958] [main] INFO  org.jgap.gp.impl.GPGenotype  - Creating initial population
[24.04.2023 19:18:12,969] [main] INFO  org.jgap.gp.impl.GPGenotype  - Mem free: 14.0 MB
[24.04.2023 19:18:12,977] [main] INFO  org.jgap.gp.impl.GPPopulation  - Prototype program set
[24.04.2023 19:18:13,081] [main] INFO  org.jgap.gp.impl.GPGenotype  - Mem free after creating population: 14.0 MB
[24.04.2023 19:18:13,091] [main] INFO  org.jgap.gp.impl.GPGenotype  - Your configuration does not contain unused commands, this is good
[24.04.2023 19:18:56,437] [main] INFO  org.jgap.gp.impl.GPGenotype  - Creating initial population
[24.04.2023 19:18:56,449] [main] INFO  org.jgap.gp.impl.GPGenotype  - Mem free: 14.0 MB
[24.04.2023 19:18:56,458] [main] INFO  org.jgap.gp.impl.GPPopulation  - Prototype program set
[24.04.2023 19:18:56,561] [main] INFO  org.jgap.gp.impl.GPGenotype  - Mem free after creating population: 14.0 MB
[24.04.2023 19:18:56,571] [main] INFO  org.jgap.gp.impl.GPGenotype  - Your configuration does not contain unused commands, this is good
[26.04.2023 12:08:21,269] [main] INFO  org.jgap.gp.impl.GPGenotype  - Creating initial population
[26.04.2023 12:08:21,280] [main] INFO  org.jgap.gp.impl.GPGenotype  - Mem free: 14.0 MB
[26.04.2023 12:08:21,290] [main] INFO  org.jgap.gp.impl.GPPopulation  - Prototype program set
[26.04.2023 12:08:21,402] [main] INFO  org.jgap.gp.impl.GPGenotype  - Mem free after creating population: 14.0 MB
[26.04.2023 12:08:21,413] [main] INFO  org.jgap.gp.impl.GPGenotype  - Your configuration does not contain unused commands, this is good
[26.04.2023 21:46:57,301] [main] INFO  org.jgap.gp.impl.GPGenotype  - Creating initial population
[26.04.2023 21:46:57,308] [main] INFO  org.jgap.gp.impl.GPGenotype  - Mem free: 17.0 MB
[26.04.2023 21:46:57,341] [main] INFO  org.jgap.gp.impl.GPPopulation  - Prototype program set
[26.04.2023 21:46:57,640] [main] INFO  org.jgap.gp.impl.GPGenotype  - Mem free after creating population: 17.0 MB
[26.04.2023 21:46:57,643] [main] INFO  org.jgap.gp.impl.GPGenotype  - Your configuration does not contain unused commands, this is good
[26.04.2023 21:47:25,475] [main] INFO  org.jgap.gp.impl.GPGenotype  - Creating initial population
[26.04.2023 21:47:25,482] [main] INFO  org.jgap.gp.impl.GPGenotype  - Mem free: 17.0 MB
[26.04.2023 21:47:25,494] [main] INFO  org.jgap.gp.impl.GPPopulation  - Prototype program set
[26.04.2023 21:47:25,688] [main] INFO  org.jgap.gp.impl.GPGenotype  - Mem free after creating population: 17.0 MB
[26.04.2023 21:47:25,693] [main] INFO  org.jgap.gp.impl.GPGenotype  - Your configuration does not contain unused commands, this is good
[26.04.2023 21:59:24,873] [main] INFO  org.jgap.gp.impl.GPGenotype  - Creating initial population
[26.04.2023 21:59:24,887] [main] INFO  org.jgap.gp.impl.GPGenotype  - Mem free: 17.0 MB
[26.04.2023 21:59:24,910] [main] INFO  org.jgap.gp.impl.GPPopulation  - Prototype program set
[26.04.2023 21:59:25,173] [main] INFO  org.jgap.gp.impl.GPGenotype  - Mem free after creating population: 17.0 MB
[26.04.2023 21:59:25,183] [main] INFO  org.jgap.gp.impl.GPGenotype  - Your configuration does not contain unused commands, this is good
[26.04.2023 22:10:26,650] [main] INFO  org.jgap.gp.impl.GPGenotype  - Creating initial population
[26.04.2023 22:10:26,659] [main] INFO  org.jgap.gp.impl.GPGenotype  - Mem free: 17.0 MB
[26.04.2023 22:10:26,671] [main] INFO  org.jgap.gp.impl.GPPopulation  - Prototype program set
[26.04.2023 22:10:26,924] [main] INFO  org.jgap.gp.impl.GPGenotype  - Mem free after creating population: 17.0 MB
[26.04.2023 22:10:26,927] [main] INFO  org.jgap.gp.impl.GPGenotype  - Your configuration does not contain unused commands, this is good
[26.04.2023 22:15:28,122] [main] INFO  org.jgap.gp.impl.GPGenotype  - Creating initial population
[26.04.2023 22:15:28,132] [main] INFO  org.jgap.gp.impl.GPGenotype  - Mem free: 17.0 MB
[26.04.2023 22:15:28,147] [main] INFO  org.jgap.gp.impl.GPPopulation  - Prototype program set
[26.04.2023 22:15:28,416] [main] INFO  org.jgap.gp.impl.GPGenotype  - Mem free after creating population: 17.0 MB
[26.04.2023 22:15:28,419] [main] INFO  org.jgap.gp.impl.GPGenotype  - Your configuration does not contain unused commands, this is good
[26.04.2023 22:20:54,093] [main] INFO  org.jgap.gp.impl.GPGenotype  - Creating initial population
[26.04.2023 22:20:54,097] [main] INFO  org.jgap.gp.impl.GPGenotype  - Mem free: 17.0 MB
[26.04.2023 22:20:54,105] [main] INFO  org.jgap.gp.impl.GPPopulation  - Prototype program set
[26.04.2023 22:20:54,208] [main] INFO  org.jgap.gp.impl.GPGenotype  - Mem free after creating population: 17.0 MB
[26.04.2023 22:20:54,211] [main] INFO  org.jgap.gp.impl.GPGenotype  - Your configuration does not contain unused commands, this is good
[27.04.2023 00:08:18,515] [main] INFO  org.jgap.gp.impl.GPGenotype  - Creating initial population
[27.04.2023 00:08:18,521] [main] INFO  org.jgap.gp.impl.GPGenotype  - Mem free: 17.0 MB
[27.04.2023 00:08:18,532] [main] INFO  org.jgap.gp.impl.GPPopulation  - Prototype program set
[27.04.2023 00:08:18,721] [main] INFO  org.jgap.gp.impl.GPGenotype  - Mem free after creating population: 17.0 MB
[27.04.2023 00:08:18,726] [main] INFO  org.jgap.gp.impl.GPGenotype  - Your configuration does not contain unused commands, this is good
[27.04.2023 00:08:58,872] [main] INFO  org.jgap.gp.impl.GPGenotype  - Creating initial population
[27.04.2023 00:08:58,881] [main] INFO  org.jgap.gp.impl.GPGenotype  - Mem free: 17.0 MB
[27.04.2023 00:08:58,899] [main] INFO  org.jgap.gp.impl.GPPopulation  - Prototype program set
[27.04.2023 00:08:59,086] [main] INFO  org.jgap.gp.impl.GPGenotype  - Mem free after creating population: 17.0 MB
[27.04.2023 00:08:59,095] [main] INFO  org.jgap.gp.impl.GPGenotype  - Your configuration does not contain unused commands, this is good
[27.04.2023 00:09:30,006] [main] INFO  org.jgap.gp.impl.GPGenotype  - Creating initial population
[27.04.2023 00:09:30,017] [main] INFO  org.jgap.gp.impl.GPGenotype  - Mem free: 17.0 MB
[27.04.2023 00:09:30,039] [main] INFO  org.jgap.gp.impl.GPPopulation  - Prototype program set
[27.04.2023 00:09:30,311] [main] INFO  org.jgap.gp.impl.GPGenotype  - Mem free after creating population: 17.0 MB
[27.04.2023 00:09:30,317] [main] INFO  org.jgap.gp.impl.GPGenotype  - Your configuration does not contain unused commands, this is good
[27.04.2023 00:53:56,707] [main] INFO  org.jgap.gp.impl.GPGenotype  - Creating initial population
[27.04.2023 00:53:56,715] [main] INFO  org.jgap.gp.impl.GPGenotype  - Mem free: 17.0 MB
[27.04.2023 00:53:56,728] [main] INFO  org.jgap.gp.impl.GPPopulation  - Prototype program set
[27.04.2023 00:53:56,858] [main] INFO  org.jgap.gp.impl.GPGenotype  - Mem free after creating population: 17.0 MB
[27.04.2023 00:53:56,861] [main] INFO  org.jgap.gp.impl.GPGenotype  - Your configuration does not contain unused commands, this is good
[27.04.2023 13:40:05,899] [main] INFO  org.jgap.gp.impl.GPGenotype  - Creating initial population
[27.04.2023 13:40:05,904] [main] INFO  org.jgap.gp.impl.GPGenotype  - Mem free: 17.0 MB
[27.04.2023 13:40:05,915] [main] INFO  org.jgap.gp.impl.GPPopulation  - Prototype program set
[27.04.2023 13:40:06,057] [main] INFO  org.jgap.gp.impl.GPGenotype  - Mem free after creating population: 17.0 MB
[27.04.2023 13:40:06,061] [main] INFO  org.jgap.gp.impl.GPGenotype  - Your configuration does not contain unused commands, this is good
[27.04.2023 13:40:56,438] [main] INFO  org.jgap.gp.impl.GPGenotype  - Creating initial population
[27.04.2023 13:40:56,440] [main] INFO  org.jgap.gp.impl.GPGenotype  - Mem free: 17.0 MB
[27.04.2023 13:40:56,447] [main] INFO  org.jgap.gp.impl.GPPopulation  - Prototype program set
[27.04.2023 13:40:56,527] [main] INFO  org.jgap.gp.impl.GPGenotype  - Mem free after creating population: 17.0 MB
[27.04.2023 13:40:56,530] [main] INFO  org.jgap.gp.impl.GPGenotype  - Your configuration does not contain unused commands, this is good
[27.04.2023 14:04:01,292] [main] INFO  org.jgap.gp.impl.GPGenotype  - Creating initial population
[27.04.2023 14:04:01,296] [main] INFO  org.jgap.gp.impl.GPGenotype  - Mem free: 17.0 MB
[27.04.2023 14:04:01,303] [main] INFO  org.jgap.gp.impl.GPPopulation  - Prototype program set
[27.04.2023 14:04:01,374] [main] INFO  org.jgap.gp.impl.GPGenotype  - Mem free after creating population: 17.0 MB
[27.04.2023 14:04:01,377] [main] INFO  org.jgap.gp.impl.GPGenotype  - Your configuration does not contain unused commands, this is good
